<?xml version="1.0" encoding="UTF-8"?>
<testng-results ignored="0" total="1" passed="1" failed="0" skipped="0">
  <reporter-output>
  </reporter-output>
  <suite started-at="2021-05-21T16:22:40 CEST" name="Default suite" finished-at="2021-05-21T16:22:56 CEST" duration-ms="16472">
    <groups>
    </groups>
    <test started-at="2021-05-21T16:22:40 CEST" name="Default test" finished-at="2021-05-21T16:22:56 CEST" duration-ms="16472">
      <class name="com.Innosabispark.Testcases.TC_Login_02">
        <test-method is-config="true" signature="setUp()[pri:0, instance:com.Innosabispark.Testcases.TC_Login_02@31e5415e]" started-at="2021-05-21T16:22:40 CEST" name="setUp" finished-at="2021-05-21T16:22:45 CEST" duration-ms="5591" status="PASS">
          <reporter-output>
          </reporter-output>
        </test-method> <!-- setUp -->
        <test-method signature="verifyLogin_02()[pri:0, instance:com.Innosabispark.Testcases.TC_Login_02@31e5415e]" started-at="2021-05-21T16:22:45 CEST" name="verifyLogin_02" finished-at="2021-05-21T16:22:53 CEST" duration-ms="8170" status="PASS">
          <reporter-output>
          </reporter-output>
        </test-method> <!-- verifyLogin_02 -->
        <test-method is-config="true" signature="TearDown(org.testng.ITestResult)[pri:0, instance:com.Innosabispark.Testcases.TC_Login_02@31e5415e]" started-at="2021-05-21T16:22:53 CEST" name="TearDown" finished-at="2021-05-21T16:22:56 CEST" duration-ms="2644" status="PASS">
          <params>
            <param index="0">
              <value>
                <![CDATA[[TestResult name=verifyLogin_02 status=SUCCESS method=TC_Login_02.verifyLogin_02()[pri:0, instance:com.Innosabispark.Testcases.TC_Login_02@31e5415e] output={null}]]]>
              </value>
            </param>
          </params>
          <reporter-output>
          </reporter-output>
        </test-method> <!-- TearDown -->
      </class> <!-- com.Innosabispark.Testcases.TC_Login_02 -->
    </test> <!-- Default test -->
  </suite> <!-- Default suite -->
</testng-results>
