<?xml version="1.0" encoding="UTF-8"?>
<!-- Generated by org.testng.reporters.JUnitXMLReporter -->
<testsuite ignored="0" hostname="DESKTOP-U1U7H89" failures="0" tests="7" name="com.Ratioform.Testcases" time="108.31" errors="0" timestamp="2021-03-08T11:30:28 CET">
  <testcase classname="com.Ratioform.Testcases.NavigationTest" name="verifyLogin" time="6.257"/>
  <testcase classname="com.Ratioform.Testcases.TC_SearchTest_01" name="verifySearch" time="0.251"/>
  <testcase classname="com.Ratioform.Testcases.TC_SearchTest_02" name="verifySearch" time="4.611"/>
  <testcase classname="com.Ratioform.Testcases.TC_SearchTest_03" name="verifySearch" time="12.392"/>
  <testcase classname="com.Ratioform.Testcases.TC_SearchTest_04" name="verifySearch" time="5.925"/>
  <testcase classname="com.Ratioform.Testcases.TC_SearchTest_05" name="verifySearch" time="6.148"/>
  <testcase classname="com.Ratioform.Testcases.TC_SearchTest_06" name="verifySearch" time="3.344"/>
</testsuite> <!-- com.Ratioform.Testcases -->
