<?xml version="1.0" encoding="UTF-8"?>
<testng-results ignored="0" total="1" passed="1" failed="0" skipped="0">
  <reporter-output>
  </reporter-output>
  <suite started-at="2021-03-17T11:00:59 CET" name="Default suite" finished-at="2021-03-17T11:01:18 CET" duration-ms="18623">
    <groups>
    </groups>
    <test started-at="2021-03-17T11:00:59 CET" name="Default test" finished-at="2021-03-17T11:01:18 CET" duration-ms="18623">
      <class name="com.Ratioform.Testcases.TC_SearchTest_04">
        <test-method is-config="true" signature="setUp()[pri:0, instance:com.Ratioform.Testcases.TC_SearchTest_04@31e5415e]" started-at="2021-03-17T11:00:59 CET" name="setUp" finished-at="2021-03-17T11:01:08 CET" duration-ms="9109" status="PASS">
          <reporter-output>
          </reporter-output>
        </test-method> <!-- setUp -->
        <test-method signature="verifySearch()[pri:0, instance:com.Ratioform.Testcases.TC_SearchTest_04@31e5415e]" started-at="2021-03-17T11:01:08 CET" name="verifySearch" finished-at="2021-03-17T11:01:16 CET" duration-ms="7739" status="PASS">
          <reporter-output>
          </reporter-output>
        </test-method> <!-- verifySearch -->
        <test-method is-config="true" signature="TearDown(org.testng.ITestResult)[pri:0, instance:com.Ratioform.Testcases.TC_SearchTest_04@31e5415e]" started-at="2021-03-17T11:01:16 CET" name="TearDown" finished-at="2021-03-17T11:01:18 CET" duration-ms="1728" status="PASS">
          <params>
            <param index="0">
              <value>
                <![CDATA[[TestResult name=verifySearch status=SUCCESS method=TC_SearchTest_04.verifySearch()[pri:0, instance:com.Ratioform.Testcases.TC_SearchTest_04@31e5415e] output={null}]]]>
              </value>
            </param>
          </params>
          <reporter-output>
          </reporter-output>
        </test-method> <!-- TearDown -->
      </class> <!-- com.Ratioform.Testcases.TC_SearchTest_04 -->
    </test> <!-- Default test -->
  </suite> <!-- Default suite -->
</testng-results>
