<?xml version="1.0" encoding="UTF-8"?>
<testng-results ignored="0" total="1" passed="1" failed="0" skipped="0">
  <reporter-output>
  </reporter-output>
  <suite started-at="2021-03-08T13:21:29 CET" name="Default suite" finished-at="2021-03-08T13:21:48 CET" duration-ms="18240">
    <groups>
    </groups>
    <test started-at="2021-03-08T13:21:29 CET" name="Default test" finished-at="2021-03-08T13:21:48 CET" duration-ms="18240">
      <class name="com.Ratioform.Testcases.NavigationTest">
        <test-method is-config="true" signature="setUp()[pri:0, instance:com.Ratioform.Testcases.NavigationTest@31e5415e]" started-at="2021-03-08T13:21:29 CET" name="setUp" finished-at="2021-03-08T13:21:32 CET" duration-ms="2777" status="PASS">
          <reporter-output>
          </reporter-output>
        </test-method> <!-- setUp -->
        <test-method signature="verifyLogin()[pri:0, instance:com.Ratioform.Testcases.NavigationTest@31e5415e]" started-at="2021-03-08T13:21:32 CET" name="verifyLogin" finished-at="2021-03-08T13:21:41 CET" duration-ms="9150" status="PASS">
          <reporter-output>
          </reporter-output>
        </test-method> <!-- verifyLogin -->
        <test-method is-config="true" signature="TearDown(org.testng.ITestResult)[pri:0, instance:com.Ratioform.Testcases.NavigationTest@31e5415e]" started-at="2021-03-08T13:21:41 CET" name="TearDown" finished-at="2021-03-08T13:21:48 CET" duration-ms="6238" status="PASS">
          <params>
            <param index="0">
              <value>
                <![CDATA[[TestResult name=verifyLogin status=SUCCESS method=NavigationTest.verifyLogin()[pri:0, instance:com.Ratioform.Testcases.NavigationTest@31e5415e] output={null}]]]>
              </value>
            </param>
          </params>
          <reporter-output>
          </reporter-output>
        </test-method> <!-- TearDown -->
      </class> <!-- com.Ratioform.Testcases.NavigationTest -->
    </test> <!-- Default test -->
  </suite> <!-- Default suite -->
</testng-results>
