<?xml version="1.0" encoding="UTF-8"?>
<!-- Generated by org.testng.reporters.JUnitXMLReporter -->
<testsuite hostname="DESKTOP-U1U7H89" failures="0" tests="7" name="com.Ratioform.Testcases" time="144.219" errors="0" timestamp="7 Mar 2021 20:51:54 GMT">
  <testcase classname="com.Ratioform.Testcases.NavigationTest" name="verifyLogin" time="6.684"/>
  <testcase classname="com.Ratioform.Testcases.TC_SearchTest_01" name="verifySearch" time="0.582"/>
  <testcase classname="com.Ratioform.Testcases.TC_SearchTest_02" name="verifySearch" time="4.842"/>
  <testcase classname="com.Ratioform.Testcases.TC_SearchTest_03" name="verifySearch" time="14.962"/>
  <testcase classname="com.Ratioform.Testcases.TC_SearchTest_04" name="verifySearch" time="7.058"/>
  <testcase classname="com.Ratioform.Testcases.TC_SearchTest_05" name="verifySearch" time="5.798"/>
  <testcase classname="com.Ratioform.Testcases.TC_SearchTest_06" name="verifySearch" time="5.824"/>
</testsuite> <!-- com.Ratioform.Testcases -->
